<?xml version="1.0" encoding="UTF-8"?>
<!-- Generated by org.testng.reporters.JUnitXMLReporter -->
<testsuite ignored="2" hostname="LAPTOP-CFK6Q786" failures="0" tests="3" name="Testgroup" time="0.097" errors="0" timestamp="2024-12-05T12:05:05 IST">
  <testcase classname="TestNG.Grouping" name="Test1" time="0.02"/>
  <testcase classname="TestNG.Grouping" name="Test2" time="0.002"/>
  <testcase classname="TestNG.Grouping" name="Test4" time="0.002"/>
  <testcase classname="TestNG.Grouping" name="Test3" time="0.0">
    <ignored/>
  </testcase> <!-- Test3 -->
  <testcase classname="TestNG.Grouping" name="Test5" time="0.0">
    <ignored/>
  </testcase> <!-- Test5 -->
</testsuite> <!-- Testgroup -->
