<?xml version="1.0" encoding="UTF-8"?>
<testng-results ignored="0" total="1" passed="1" failed="0" skipped="0">
  <reporter-output>
  </reporter-output>
  <suite started-at="2024-12-23T18:34:53 IST" name="Default suite" finished-at="2024-12-23T18:35:12 IST" duration-ms="18974">
    <groups>
    </groups>
    <test started-at="2024-12-23T18:34:53 IST" name="Default test" finished-at="2024-12-23T18:35:12 IST" duration-ms="18974">
      <class name="TestNG.Amazon_windohandle_Assignment">
        <test-method is-config="true" signature="set()[pri:0, instance:TestNG.Amazon_windohandle_Assignment@3fc2959f]" started-at="2024-12-23T18:34:53 IST" name="set" finished-at="2024-12-23T18:34:55 IST" duration-ms="2323" status="PASS">
          <reporter-output>
          </reporter-output>
        </test-method> <!-- set -->
        <test-method is-config="true" signature="Open()[pri:0, instance:TestNG.Amazon_windohandle_Assignment@3fc2959f]" started-at="2024-12-23T18:34:55 IST" name="Open" finished-at="2024-12-23T18:34:56 IST" duration-ms="1201" status="PASS">
          <reporter-output>
          </reporter-output>
        </test-method> <!-- Open -->
        <test-method signature="Test1()[pri:0, instance:TestNG.Amazon_windohandle_Assignment@3fc2959f]" started-at="2024-12-23T18:34:56 IST" name="Test1" finished-at="2024-12-23T18:35:12 IST" duration-ms="15413" status="PASS">
          <reporter-output>
          </reporter-output>
        </test-method> <!-- Test1 -->
      </class> <!-- TestNG.Amazon_windohandle_Assignment -->
    </test> <!-- Default test -->
  </suite> <!-- Default suite -->
</testng-results>
